<?xml version="1.0" encoding="UTF-8"?>
<testng-results skipped="0" failed="0" ignored="0" total="1" passed="1">
  <reporter-output>
  </reporter-output>
  <suite name="Default suite" duration-ms="25590" started-at="2019-12-14T16:46:15 IST" finished-at="2019-12-14T16:46:40 IST">
    <groups>
    </groups>
    <test name="Default test" duration-ms="25590" started-at="2019-12-14T16:46:15 IST" finished-at="2019-12-14T16:46:40 IST">
      <class name="org.testleaf.testcase.TC01">
        <test-method status="PASS" signature="login()[pri:0, instance:org.testleaf.testcase.TC01@2a17b7b6]" name="login" is-config="true" duration-ms="8582" started-at="2019-12-14T16:46:15 IST" finished-at="2019-12-14T16:46:23 IST">
          <reporter-output>
          </reporter-output>
        </test-method> <!-- login -->
        <test-method status="PASS" signature="VerifyProduct()[pri:0, instance:org.testleaf.testcase.TC01@2a17b7b6]" name="VerifyProduct" duration-ms="15927" started-at="2019-12-14T16:46:23 IST" finished-at="2019-12-14T16:46:39 IST">
          <reporter-output>
          </reporter-output>
        </test-method> <!-- VerifyProduct -->
        <test-method status="PASS" signature="closeApp()[pri:0, instance:org.testleaf.testcase.TC01@2a17b7b6]" name="closeApp" is-config="true" duration-ms="994" started-at="2019-12-14T16:46:39 IST" finished-at="2019-12-14T16:46:40 IST">
          <reporter-output>
          </reporter-output>
        </test-method> <!-- closeApp -->
      </class> <!-- org.testleaf.testcase.TC01 -->
    </test> <!-- Default test -->
  </suite> <!-- Default suite -->
</testng-results>
